<?xml version="1.0" encoding="UTF-8"?>
<!-- Generated by org.testng.reporters.JUnitXMLReporter -->
<testsuite hostname="DESKTOP-RUAD0RO" ignored="1" name="Default test" tests="3" failures="0" timestamp="05 Apr 2020 16:33:14 GMT" time="174.066" errors="0">
  <testcase name="test_002" time="12.617" classname="com.infosys.netBanking.testCases.TC_001"/>
  <testcase name="test_002" time="11.241" classname="com.infosys.netBanking.testCases.TC_001"/>
  <testcase name="test_002" time="9.185" classname="com.infosys.netBanking.testCases.TC_001"/>
  <testcase name="test_001_newCustomerRegistration" time="0.0" classname="com.infosys.netBanking.testCases.TC_001">
    <ignored/>
  </testcase> <!-- test_001_newCustomerRegistration -->
</testsuite> <!-- Default test -->
