<?xml version="1.0" encoding="UTF-8"?>
<!-- Generated by org.testng.reporters.JUnitXMLReporter -->
<testsuite hostname="DESKTOP-RUAD0RO" ignored="1" name="Test" tests="1" failures="0" timestamp="04 Apr 2020 16:45:06 GMT" time="33.935" errors="0">
  <testcase name="test_001_newCustomerRegistration" time="10.609" classname="com.infosys.netBanking.testCases.TC_001"/>
  <testcase name="test_002" time="0.0" classname="com.infosys.netBanking.testCases.TC_001">
    <ignored/>
  </testcase> <!-- test_002 -->
</testsuite> <!-- Test -->
