<?xml version="1.0" encoding="UTF-8"?>
<testng-results skipped="0" failed="0" ignored="1" total="4" passed="3">
  <reporter-output>
  </reporter-output>
  <suite name="Default suite" duration-ms="174066" started-at="2020-04-05T16:30:20Z" finished-at="2020-04-05T16:33:14Z">
    <groups>
    </groups>
    <test name="Default test" duration-ms="174066" started-at="2020-04-05T16:30:20Z" finished-at="2020-04-05T16:33:14Z">
      <class name="com.infosys.netBanking.testCases.TC_001">
        <test-method status="PASS" signature="setUp()[pri:0, instance:com.infosys.netBanking.testCases.TC_001@1ed4004b]" name="setUp" is-config="true" duration-ms="85600" started-at="2020-04-05T16:30:21Z" finished-at="2020-04-05T16:31:47Z">
          <reporter-output>
          </reporter-output>
        </test-method> <!-- setUp -->
        <test-method status="PASS" signature="test_002(java.lang.String, java.lang.String, java.lang.String, java.lang.String, java.lang.String, java.lang.String, java.lang.String, java.lang.String, java.lang.String)[pri:0, instance:com.infosys.netBanking.testCases.TC_001@1ed4004b]" name="test_002" duration-ms="12617" started-at="2020-04-05T16:31:47Z" data-provider="New Customer" finished-at="2020-04-05T16:31:59Z">
          <params>
            <param index="0">
              <value>
                <![CDATA[shiva]]>
              </value>
            </param>
            <param index="1">
              <value>
                <![CDATA[1/1/1991]]>
              </value>
            </param>
            <param index="2">
              <value>
                <![CDATA[shiva]]>
              </value>
            </param>
            <param index="3">
              <value>
                <![CDATA[Hyderabad]]>
              </value>
            </param>
            <param index="4">
              <value>
                <![CDATA[Telangana]]>
              </value>
            </param>
            <param index="5">
              <value>
                <![CDATA[123456]]>
              </value>
            </param>
            <param index="6">
              <value>
                <![CDATA[876543789]]>
              </value>
            </param>
            <param index="7">
              <value>
                <![CDATA[shiva@gmail.com]]>
              </value>
            </param>
            <param index="8">
              <value>
                <![CDATA[pranitha]]>
              </value>
            </param>
          </params>
          <reporter-output>
          </reporter-output>
        </test-method> <!-- test_002 -->
        <test-method status="PASS" signature="tearDown()[pri:0, instance:com.infosys.netBanking.testCases.TC_001@1ed4004b]" name="tearDown" is-config="true" duration-ms="384" started-at="2020-04-05T16:31:59Z" finished-at="2020-04-05T16:32:00Z">
          <reporter-output>
          </reporter-output>
        </test-method> <!-- tearDown -->
        <test-method status="PASS" signature="setUp()[pri:0, instance:com.infosys.netBanking.testCases.TC_001@1ed4004b]" name="setUp" is-config="true" duration-ms="28887" started-at="2020-04-05T16:32:00Z" finished-at="2020-04-05T16:32:29Z">
          <reporter-output>
          </reporter-output>
        </test-method> <!-- setUp -->
        <test-method status="PASS" signature="test_002(java.lang.String, java.lang.String, java.lang.String, java.lang.String, java.lang.String, java.lang.String, java.lang.String, java.lang.String, java.lang.String)[pri:0, instance:com.infosys.netBanking.testCases.TC_001@1ed4004b]" name="test_002" duration-ms="11241" started-at="2020-04-05T16:32:29Z" data-provider="New Customer" finished-at="2020-04-05T16:32:40Z">
          <params>
            <param index="0">
              <value>
                <![CDATA[shiva]]>
              </value>
            </param>
            <param index="1">
              <value>
                <![CDATA[1/1/1992]]>
              </value>
            </param>
            <param index="2">
              <value>
                <![CDATA[Newyork]]>
              </value>
            </param>
            <param index="3">
              <value>
                <![CDATA[Banglore]]>
              </value>
            </param>
            <param index="4">
              <value>
                <![CDATA[Telangana]]>
              </value>
            </param>
            <param index="5">
              <value>
                <![CDATA[123456]]>
              </value>
            </param>
            <param index="6">
              <value>
                <![CDATA[876543789]]>
              </value>
            </param>
            <param index="7">
              <value>
                <![CDATA[Ravi@gmail.com]]>
              </value>
            </param>
            <param index="8">
              <value>
                <![CDATA[pranitha]]>
              </value>
            </param>
          </params>
          <reporter-output>
          </reporter-output>
        </test-method> <!-- test_002 -->
        <test-method status="PASS" signature="tearDown()[pri:0, instance:com.infosys.netBanking.testCases.TC_001@1ed4004b]" name="tearDown" is-config="true" duration-ms="277" started-at="2020-04-05T16:32:40Z" finished-at="2020-04-05T16:32:40Z">
          <reporter-output>
          </reporter-output>
        </test-method> <!-- tearDown -->
        <test-method status="PASS" signature="setUp()[pri:0, instance:com.infosys.netBanking.testCases.TC_001@1ed4004b]" name="setUp" is-config="true" duration-ms="24297" started-at="2020-04-05T16:32:40Z" finished-at="2020-04-05T16:33:05Z">
          <reporter-output>
          </reporter-output>
        </test-method> <!-- setUp -->
        <test-method status="PASS" signature="test_002(java.lang.String, java.lang.String, java.lang.String, java.lang.String, java.lang.String, java.lang.String, java.lang.String, java.lang.String, java.lang.String)[pri:0, instance:com.infosys.netBanking.testCases.TC_001@1ed4004b]" name="test_002" duration-ms="9185" started-at="2020-04-05T16:33:05Z" data-provider="New Customer" finished-at="2020-04-05T16:33:14Z">
          <params>
            <param index="0">
              <value>
                <![CDATA[Ramu]]>
              </value>
            </param>
            <param index="1">
              <value>
                <![CDATA[1/1/1995]]>
              </value>
            </param>
            <param index="2">
              <value>
                <![CDATA[Florida]]>
              </value>
            </param>
            <param index="3">
              <value>
                <![CDATA[Chennai]]>
              </value>
            </param>
            <param index="4">
              <value>
                <![CDATA[US]]>
              </value>
            </param>
            <param index="5">
              <value>
                <![CDATA[676567]]>
              </value>
            </param>
            <param index="6">
              <value>
                <![CDATA[876756789]]>
              </value>
            </param>
            <param index="7">
              <value>
                <![CDATA[ramu@gmail.com]]>
              </value>
            </param>
            <param index="8">
              <value>
                <![CDATA[ramu]]>
              </value>
            </param>
          </params>
          <reporter-output>
          </reporter-output>
        </test-method> <!-- test_002 -->
        <test-method status="PASS" signature="tearDown()[pri:0, instance:com.infosys.netBanking.testCases.TC_001@1ed4004b]" name="tearDown" is-config="true" duration-ms="332" started-at="2020-04-05T16:33:14Z" finished-at="2020-04-05T16:33:14Z">
          <reporter-output>
          </reporter-output>
        </test-method> <!-- tearDown -->
      </class> <!-- com.infosys.netBanking.testCases.TC_001 -->
    </test> <!-- Default test -->
  </suite> <!-- Default suite -->
</testng-results>
